2024-10-04T17:00:51-03:00 CRITICAL Uncaught Error: Object of class WP_User could not be converted to string in /var/www/html/wp-includes/formatting.php:1096
Stack trace:
#0 /var/www/html/wp-includes/formatting.php(4670): wp_check_invalid_utf8(Object(WP_User))
#1 /var/www/html/wp-content/plugins/code-snippets/php/snippet-ops.php(582) : eval()'d code(28): esc_html(Object(WP_User))
#2 /var/www/html/wp-includes/shortcodes.php(434): mostrar_datos_usuarios(Array, '', 'mostrar_usuario...')
#3 [internal function]: do_shortcode_tag(Array)
#4 /var/www/html/wp-includes/shortcodes.php(273): preg_replace_callback('/\\[(\\[?)(mostra...', 'do_shortcode_ta...', '[mostrar_usuari...')
#5 /var/www/html/wp-includes/class-wp-hook.php(324): do_shortcode('[mostrar_usuari...')
#6 /var/www/html/wp-includes/plugin.php(205): WP_Hook->apply_filters('[mostrar_usuari...', Array)
#7 /var/www/html/wp-includes/rest-api/endpoints/class-wp-rest-posts-controller.php(1871): apply_filters('the_content', '<!-- wp:shortco...')
#8 /var/www/html/wp-includes/rest-api/endpoints/class-wp-rest-posts-controller.php(575): WP_REST_Posts_Controller->prepare_item_for_response(Object(WP_Post), Object(WP_REST_Request))
#9 /var/www/html/wp-includes/rest-api/class-wp-rest-server.php(1230): WP_REST_Posts_Controller->get_item(Object(WP_REST_Request))
#10 /var/www/html/wp-includes/rest-api/class-wp-rest-server.php(1063): WP_REST_Server->respond_to_request(Object(WP_REST_Request), '/wp/v2/pages/(?...', Array, NULL)
#11 /var/www/html/wp-includes/rest-api.php(547): WP_REST_Server->dispatch(Object(WP_REST_Request))
#12 /var/www/html/wp-includes/rest-api.php(2925): rest_do_request(Object(WP_REST_Request))
#13 [internal function]: rest_preload_api_request(Array, '/wp/v2/pages/78...')
#14 /var/www/html/wp-includes/block-editor.php(750): array_reduce(Array, 'rest_preload_ap...', Array)
#15 /var/www/html/wp-admin/edit-form-blocks.php(80): block_editor_rest_api_preload(Array, Object(WP_Block_Editor_Context))
#16 /var/www/html/wp-admin/post.php(187): require('/var/www/html/w...')
#17 {main}
  thrown in /var/www/html/wp-includes/formatting.php on line 1096

